       #       '`  X----------------X        ` X----------------------------------------------------
`   ' "@  X   XX'  X----------------X      "  " XXXXX-----------------------------------------------
         XX   XX   X----------------X                X----------------------------------------------
 "   `   "       XXXXXXX------------X   "``          X----------------------------------------------
X    X   X " XX         XXXXXXXX----X            XX  XX---------------------------------------------
X ' X-X  XX XXX    ^     =      X---X  '   "  X  X-X   XXX------------------------------------------
X XXXXX"X-X   XX    "    ` X    X---X   ' XX  X  XXXX     X-----------------------------------------
X `   X  XX       X   "XX  X''   XXXX    XXX    "          XXX--------------------------------------
X           "   X X         XX                ` X    '`   $   XXXXXXX-------------------------------
X "XX          X-XX             X   XXX        XX         '          XX-----------------------------
X     "     XX  XXX        " ' XX       `XXXX              '   =  XX   X----------------------------
-X XX '`X  XXX    XX " `  "  X     X`      XX        XX    ^X " " XX  XXXXXXX-----------------------
--X-X` XX       X    `      XX     XX     X-X   X         "X-X    XX   `" "` XXXXX------------------
----X`     '   XX             X X'XXX    XXXX  XX    X    X--X     X              X-----------------
----X'+ `   '=       "`       X X    `        X-X   XX ` XXXXX X                XX------------------
----X"    =                  ""  XX$      X   XXX              X XX X   X      XXXXXXXXXXXXXXXXXX---
----X      "             '      XXX `     XX`       " X XX    'X'XXXXX XX X  X   '  "         =  X--
-----X` XX               X  ` " "      XX XX        ^'X   ' X             X "X'  "` XX     ^    XX--
-----X  '    `     X  XXXX $  ^          XXX     X        XXX ^      '   `    XX   X-X            X-
-----X        XXX XX    XX '               X    "XX      XX--X '"       X     $X   XXXX     X  '   X
------XX     `   XXX        XX`       X`  XX'   X--X       XXXXXXX    $ X ` " XX  " `   `  XX    ^  
-------X     XX       "'"   XX`  X   "X "       X---X '    $    XX `   XX     XX    '`    ` `       
-------X      "  ''XX      " "XXXX         XX ^  XXXX       '      '`      XX XX     "       '  "   
-------X ' `     "             X-X         XX      `  ^    "       X X        `                "  X 
-------X  "  X `X       `     'X-X       ` XX X  X  X XXX X  X  X  X X `  ' X"  `    ' X          X 
